12544 : 2026-06-30 16:04:33,758 : INFO : telemetry.main : Attempt start. Configuration directory [D:\cloud-iac\.azure]. Cache directory [D:\cloud-iac\.azure\telemetry\20260630160433485].
12544 : 2026-06-30 16:04:33,758 : INFO : telemetry.records : 1 cache files to upload.
12544 : 2026-06-30 16:04:33,779 : INFO : telemetry.records : Processed file D:\cloud-iac\.azure\telemetry\20260630160433485\cache into 1 records.
12544 : 2026-06-30 16:04:33,780 : INFO : telemetry.records : Remove directory D:\cloud-iac\.azure\telemetry\20260630160433485
12544 : 2026-06-30 16:04:33,834 : INFO : telemetry.client : Accumulated 1 events. Flush the clients.
12544 : 2026-06-30 16:04:33,834 : INFO : telemetry.client : Flush client c4395b75-49cc-422c-bc95-c7d51aef5d46.
12544 : 2026-06-30 16:04:34,156 : INFO : telemetry.sender : Sending 3915 bytes
12544 : 2026-06-30 16:04:34,157 : INFO : telemetry.sender : Finish uploading in 0.321116 seconds.
20660 : 2026-06-30 16:05:29,493 : INFO : telemetry.main : Attempt start. Configuration directory [D:\cloud-iac\.azure]. Cache directory [D:\cloud-iac\.azure\telemetry\20260630160529226].
20660 : 2026-06-30 16:05:29,494 : INFO : telemetry.records : 1 cache files to upload.
20660 : 2026-06-30 16:05:29,514 : INFO : telemetry.records : Processed file D:\cloud-iac\.azure\telemetry\20260630160529226\cache into 1 records.
20660 : 2026-06-30 16:05:29,515 : INFO : telemetry.records : Remove directory D:\cloud-iac\.azure\telemetry\20260630160529226
20660 : 2026-06-30 16:05:29,575 : INFO : telemetry.client : Accumulated 1 events. Flush the clients.
20660 : 2026-06-30 16:05:29,575 : INFO : telemetry.client : Flush client c4395b75-49cc-422c-bc95-c7d51aef5d46.
20660 : 2026-06-30 16:05:29,878 : INFO : telemetry.sender : Sending 4238 bytes
20660 : 2026-06-30 16:05:29,879 : INFO : telemetry.sender : Finish uploading in 0.303691 seconds.
30436 : 2026-06-30 16:06:18,723 : INFO : telemetry.main : Attempt start. Configuration directory [D:\cloud-iac\.azure]. Cache directory [D:\cloud-iac\.azure\telemetry\20260630160618549].
30436 : 2026-06-30 16:06:18,723 : INFO : telemetry.records : 1 cache files to upload.
30436 : 2026-06-30 16:06:18,746 : INFO : telemetry.records : Processed file D:\cloud-iac\.azure\telemetry\20260630160618549\cache into 1 records.
30436 : 2026-06-30 16:06:18,746 : INFO : telemetry.records : Remove directory D:\cloud-iac\.azure\telemetry\20260630160618549
30436 : 2026-06-30 16:06:18,796 : INFO : telemetry.client : Accumulated 1 events. Flush the clients.
30436 : 2026-06-30 16:06:18,796 : INFO : telemetry.client : Flush client c4395b75-49cc-422c-bc95-c7d51aef5d46.
30436 : 2026-06-30 16:06:19,081 : INFO : telemetry.sender : Sending 3914 bytes
30436 : 2026-06-30 16:06:19,081 : INFO : telemetry.sender : Finish uploading in 0.284892 seconds.
